Performing C++ SOURCE FILE Test CMAKE_HAVE_LIBC_PTHREAD failed with the following output:
Change Dir: /workspaces/learn-git/build/CMakeFiles/CMakeScratch/TryCompile-yjmiRf

Run Build Command(s):/usr/bin/make -f Makefile cmTC_0d899/fast && /usr/bin/make  -f CMakeFiles/cmTC_0d899.dir/build.make CMakeFiles/cmTC_0d899.dir/build
make[1]: Entering directory '/workspaces/learn-git/build/CMakeFiles/CMakeScratch/TryCompile-yjmiRf'
Building CXX object CMakeFiles/cmTC_0d899.dir/src.cxx.o
/usr/bin/c++ -DCMAKE_HAVE_LIBC_PTHREAD  -std=gnu++14 -o CMakeFiles/cmTC_0d899.dir/src.cxx.o -c /workspaces/learn-git/build/CMakeFiles/CMakeScratch/TryCompile-yjmiRf/src.cxx
Linking CXX executable cmTC_0d899
/usr/bin/cmake -E cmake_link_script CMakeFiles/cmTC_0d899.dir/link.txt --verbose=1
/usr/bin/c++ CMakeFiles/cmTC_0d899.dir/src.cxx.o -o cmTC_0d899 
/usr/bin/ld: CMakeFiles/cmTC_0d899.dir/src.cxx.o: in function `main':
src.cxx:(.text+0x46): undefined reference to `pthread_create'
/usr/bin/ld: src.cxx:(.text+0x52): undefined reference to `pthread_detach'
/usr/bin/ld: src.cxx:(.text+0x5e): undefined reference to `pthread_cancel'
/usr/bin/ld: src.cxx:(.text+0x6f): undefined reference to `pthread_join'
collect2: error: ld returned 1 exit status
make[1]: *** [CMakeFiles/cmTC_0d899.dir/build.make:99: cmTC_0d899] Error 1
make[1]: Leaving directory '/workspaces/learn-git/build/CMakeFiles/CMakeScratch/TryCompile-yjmiRf'
make: *** [Makefile:127: cmTC_0d899/fast] Error 2


Source file was:
#include <pthread.h>

static void* test_func(void* data)
{
  return data;
}

int main(void)
{
  pthread_t thread;
  pthread_create(&thread, NULL, test_func, NULL);
  pthread_detach(thread);
  pthread_cancel(thread);
  pthread_join(thread, NULL);
  pthread_atfork(NULL, NULL, NULL);
  pthread_exit(NULL);

  return 0;
}


Determining if the function pthread_create exists in the pthreads failed with the following output:
Change Dir: /workspaces/learn-git/build/CMakeFiles/CMakeScratch/TryCompile-oK4w5f

Run Build Command(s):/usr/bin/make -f Makefile cmTC_97458/fast && /usr/bin/make  -f CMakeFiles/cmTC_97458.dir/build.make CMakeFiles/cmTC_97458.dir/build
make[1]: Entering directory '/workspaces/learn-git/build/CMakeFiles/CMakeScratch/TryCompile-oK4w5f'
Building CXX object CMakeFiles/cmTC_97458.dir/CheckFunctionExists.cxx.o
/usr/bin/c++   -DCHECK_FUNCTION_EXISTS=pthread_create -std=gnu++14 -o CMakeFiles/cmTC_97458.dir/CheckFunctionExists.cxx.o -c /workspaces/learn-git/build/CMakeFiles/CMakeScratch/TryCompile-oK4w5f/CheckFunctionExists.cxx
Linking CXX executable cmTC_97458
/usr/bin/cmake -E cmake_link_script CMakeFiles/cmTC_97458.dir/link.txt --verbose=1
/usr/bin/c++  -DCHECK_FUNCTION_EXISTS=pthread_create CMakeFiles/cmTC_97458.dir/CheckFunctionExists.cxx.o -o cmTC_97458  -lpthreads 
/usr/bin/ld: cannot find -lpthreads
collect2: error: ld returned 1 exit status
make[1]: *** [CMakeFiles/cmTC_97458.dir/build.make:99: cmTC_97458] Error 1
make[1]: Leaving directory '/workspaces/learn-git/build/CMakeFiles/CMakeScratch/TryCompile-oK4w5f'
make: *** [Makefile:127: cmTC_97458/fast] Error 2



